Looking for git in: git
Using git 2.25.1 from git
> git rev-parse --git-dir
Open repository: /home/ubuntu/laravel
> git status -z -u
> git symbolic-ref --short HEAD
> git rev-parse master
> git rev-parse --symbolic-full-name master@{u}
> git rev-list --left-right master...refs/remotes/origin/master
> git for-each-ref --sort -committerdate --format %(refname) %(objectname) %(*objectname)
> git remote --verbose
Warning: Failed to watch ref '/home/ubuntu/laravel/.git/refs/remotes/origin/master', is most likely packed.
> git config --get commit.template
> git check-ignore -v -z --stdin
> git show --textconv :src/routes/web.php
> git ls-files --stage -- /home/ubuntu/laravel/src/routes/web.php
> git check-ignore -v -z --stdin
> git show --textconv :src/resources/views/test.blade.php
> git ls-files --stage -- /home/ubuntu/laravel/src/resources/views/test.blade.php
> git check-ignore -v -z --stdin
> git show --textconv :src/resources/views/home.blade.php
> git ls-files --stage -- /home/ubuntu/laravel/src/resources/views/home.blade.php
> git show --textconv :src/resources/views/test.blade.php
> git ls-files --stage -- /home/ubuntu/laravel/src/resources/views/test.blade.php
> git show --textconv :src/resources/views/home.blade.php
> git ls-files --stage -- /home/ubuntu/laravel/src/resources/views/home.blade.php
> git check-ignore -v -z --stdin
> git show --textconv :src/resources/views/sparepart.blade.php
> git ls-files --stage -- /home/ubuntu/laravel/src/resources/views/sparepart.blade.php
> git show --textconv :src/routes/web.php
> git ls-files --stage -- /home/ubuntu/laravel/src/routes/web.php
> git check-ignore -v -z --stdin
> git show --textconv :src/resources/views/layouts/app2.blade.php
> git ls-files --stage -- /home/ubuntu/laravel/src/resources/views/layouts/app2.blade.php
> git show --textconv :src/routes/web.php
> git ls-files --stage -- /home/ubuntu/laravel/src/routes/web.php
> git show --textconv :src/resources/views/layouts/app2.blade.php
> git ls-files --stage -- /home/ubuntu/laravel/src/resources/views/layouts/app2.blade.php
> git show --textconv :src/resources/views/sparepart.blade.php
> git ls-files --stage -- /home/ubuntu/laravel/src/resources/views/sparepart.blade.php
> git check-ignore -v -z --stdin
> git show --textconv :docker-compose.yml
> git ls-files --stage -- /home/ubuntu/laravel/docker-compose.yml
> git cat-file -s 66f7e4025d1f7b3c0ec0e04859492c05de4d4394
> git show --textconv :src/resources/views/sparepart.blade.php
> git ls-files --stage -- /home/ubuntu/laravel/src/resources/views/sparepart.blade.php
> git check-ignore -v -z --stdin
> git show --textconv :src/resources/views/tblbarang.blade.php
> git ls-files --stage -- /home/ubuntu/laravel/src/resources/views/tblbarang.blade.php
> git show --textconv :src/routes/web.php
> git ls-files --stage -- /home/ubuntu/laravel/src/routes/web.php
> git show --textconv :src/resources/views/layouts/app2.blade.php
> git ls-files --stage -- /home/ubuntu/laravel/src/resources/views/layouts/app2.blade.php
> git show --textconv :src/resources/views/welcome.blade.php
> git ls-files --stage -- /home/ubuntu/laravel/src/resources/views/welcome.blade.php
> git show --textconv :src/resources/views/layouts/app2.blade.php
> git ls-files --stage -- /home/ubuntu/laravel/src/resources/views/layouts/app2.blade.php
> git show --textconv :src/resources/views/tblbarang.blade.php
> git ls-files --stage -- /home/ubuntu/laravel/src/resources/views/tblbarang.blade.php
> git show --textconv :src/resources/views/layouts/app2.blade.php
> git ls-files --stage -- /home/ubuntu/laravel/src/resources/views/layouts/app2.blade.php
> git check-ignore -v -z --stdin
> git show --textconv :src/resources/views/tblpembayaran
> git ls-files --stage -- /home/ubuntu/laravel/src/resources/views/tblpembayaran
> git check-ignore -v -z --stdin
> git show --textconv :src/resources/views/tblpembayaran.blade.php
> git ls-files --stage -- /home/ubuntu/laravel/src/resources/views/tblpembayaran.blade.php
> git check-ignore -v -z --stdin
> git show --textconv :src/resources/views/tblpesanan.blade.php
> git ls-files --stage -- /home/ubuntu/laravel/src/resources/views/tblpesanan.blade.php
> git check-ignore -v -z --stdin
> git show --textconv :src/resources/views/tblsupplier.blade.php
> git ls-files --stage -- /home/ubuntu/laravel/src/resources/views/tblsupplier.blade.php
> git show --textconv :src/resources/views/tblbarang.blade.php
> git ls-files --stage -- /home/ubuntu/laravel/src/resources/views/tblbarang.blade.php
> git show --textconv :src/resources/views/tblpembayaran.blade.php
> git ls-files --stage -- /home/ubuntu/laravel/src/resources/views/tblpembayaran.blade.php
> git show --textconv :src/resources/views/tblpesanan.blade.php
> git ls-files --stage -- /home/ubuntu/laravel/src/resources/views/tblpesanan.blade.php
> git show --textconv :src/resources/views/tblsupplier.blade.php
> git ls-files --stage -- /home/ubuntu/laravel/src/resources/views/tblsupplier.blade.php
> git show --textconv :src/resources/views/tblbarang.blade.php
> git ls-files --stage -- /home/ubuntu/laravel/src/resources/views/tblbarang.blade.php
> git show --textconv :src/resources/views/welcome.blade.php
> git ls-files --stage -- /home/ubuntu/laravel/src/resources/views/welcome.blade.php
> git show --textconv :src/routes/web.php
> git ls-files --stage -- /home/ubuntu/laravel/src/routes/web.php
> git show --textconv :src/resources/views/layouts/app2.blade.php
> git ls-files --stage -- /home/ubuntu/laravel/src/resources/views/layouts/app2.blade.php
> git show --textconv :src/routes/web.php
> git ls-files --stage -- /home/ubuntu/laravel/src/routes/web.php
> git show --textconv :src/resources/views/tblpembayaran.blade.php
> git ls-files --stage -- /home/ubuntu/laravel/src/resources/views/tblpembayaran.blade.php
> git show --textconv :src/resources/views/tblpesanan.blade.php
> git ls-files --stage -- /home/ubuntu/laravel/src/resources/views/tblpesanan.blade.php
> git show --textconv :src/resources/views/tblsupplier.blade.php
> git ls-files --stage -- /home/ubuntu/laravel/src/resources/views/tblsupplier.blade.php
> git show --textconv :src/resources/views/tblpesanan.blade.php
> git ls-files --stage -- /home/ubuntu/laravel/src/resources/views/tblpesanan.blade.php
> git show --textconv :src/resources/views/tblsupplier.blade.php
> git ls-files --stage -- /home/ubuntu/laravel/src/resources/views/tblsupplier.blade.php
> git show --textconv :src/resources/views/tblpesanan.blade.php
> git ls-files --stage -- /home/ubuntu/laravel/src/resources/views/tblpesanan.blade.php
> git show --textconv :src/resources/views/tblsupplier.blade.php
> git ls-files --stage -- /home/ubuntu/laravel/src/resources/views/tblsupplier.blade.php
> git show --textconv :src/resources/views/tblpembayaran.blade.php
> git ls-files --stage -- /home/ubuntu/laravel/src/resources/views/tblpembayaran.blade.php
> git show --textconv :src/resources/views/tblpesanan.blade.php
> git ls-files --stage -- /home/ubuntu/laravel/src/resources/views/tblpesanan.blade.php
> git show --textconv :src/resources/views/tblsupplier.blade.php
> git ls-files --stage -- /home/ubuntu/laravel/src/resources/views/tblsupplier.blade.php
> git show --textconv :src/routes/web.php
> git ls-files --stage -- /home/ubuntu/laravel/src/routes/web.php
> git check-ignore -v -z --stdin
> git check-ignore -v -z --stdin
> git show --textconv :src/app/Models/Barang.php
> git ls-files --stage -- /home/ubuntu/laravel/src/app/Models/Barang.php
> git check-ignore -v -z --stdin
> git check-ignore -v -z --stdin
> git show --textconv :src/app/Http/Controllers/barangcontroller.php
> git ls-files --stage -- /home/ubuntu/laravel/src/app/Http/Controllers/barangcontroller.php
> git show --textconv :src/routes/web.php
> git ls-files --stage -- /home/ubuntu/laravel/src/routes/web.php
> git show --textconv :src/app/Http/Controllers/barangcontroller.php
> git ls-files --stage -- /home/ubuntu/laravel/src/app/Http/Controllers/barangcontroller.php
> git show --textconv :src/routes/web.php
> git ls-files --stage -- /home/ubuntu/laravel/src/routes/web.php
> git show --textconv :src/app/Http/Controllers/barangcontroller.php
> git ls-files --stage -- /home/ubuntu/laravel/src/app/Http/Controllers/barangcontroller.php
> git show --textconv :src/routes/web.php
> git ls-files --stage -- /home/ubuntu/laravel/src/routes/web.php
> git show --textconv :src/app/Http/Controllers/barangcontroller.php
> git ls-files --stage -- /home/ubuntu/laravel/src/app/Http/Controllers/barangcontroller.php
> git show --textconv :src/resources/views/tblpembayaran.blade.php
> git ls-files --stage -- /home/ubuntu/laravel/src/resources/views/tblpembayaran.blade.php
> git show --textconv :src/routes/web.php
> git ls-files --stage -- /home/ubuntu/laravel/src/routes/web.php
> git show --textconv :src/app/Http/Controllers/barangcontroller.php
> git ls-files --stage -- /home/ubuntu/laravel/src/app/Http/Controllers/barangcontroller.php
> git show --textconv :src/app/Models/Barang.php
> git ls-files --stage -- /home/ubuntu/laravel/src/app/Models/Barang.php
> git show --textconv :src/routes/web.php
> git ls-files --stage -- /home/ubuntu/laravel/src/routes/web.php
