Looking for git in: git
Using git 2.25.1 from git
> git rev-parse --git-dir
Open repository: /home/ubuntu/laravel
> git status -z -u
> git symbolic-ref --short HEAD
> git rev-parse master
> git rev-parse --symbolic-full-name master@{u}
> git rev-list --left-right master...refs/remotes/origin/master
> git for-each-ref --sort -committerdate --format %(refname) %(objectname) %(*objectname)
> git remote --verbose
Warning: Failed to watch ref '/home/ubuntu/laravel/.git/refs/remotes/origin/master', is most likely packed.
> git config --get commit.template
> git check-ignore -v -z --stdin
> git show --textconv :src/resources/views/home.blade.php
> git ls-files --stage -- /home/ubuntu/laravel/src/resources/views/home.blade.php
> git show --textconv :src/resources/views/welcome.blade.php
> git ls-files --stage -- /home/ubuntu/laravel/src/resources/views/welcome.blade.php
> git check-ignore -v -z --stdin
> git show --textconv :src/resources/views/welcome.blade.php
> git ls-files --stage -- /home/ubuntu/laravel/src/resources/views/welcome.blade.php
> git check-ignore -v -z --stdin
> git show --textconv :src/routes/web.php
> git ls-files --stage -- /home/ubuntu/laravel/src/routes/web.php
> git show --textconv :src/resources/views/welcome.blade.php
> git ls-files --stage -- /home/ubuntu/laravel/src/resources/views/welcome.blade.php
> git show --textconv :src/routes/web.php
> git ls-files --stage -- /home/ubuntu/laravel/src/routes/web.php
> git check-ignore -v -z --stdin
> git check-ignore -v -z --stdin
> git show --textconv :src/resources/views/layouts/app2.blade.php
> git ls-files --stage -- /home/ubuntu/laravel/src/resources/views/layouts/app2.blade.php
> git show --textconv :src/routes/web.php
> git ls-files --stage -- /home/ubuntu/laravel/src/routes/web.php
> git show --textconv :src/resources/views/layouts/app2.blade.php
> git ls-files --stage -- /home/ubuntu/laravel/src/resources/views/layouts/app2.blade.php
> git show --textconv :src/routes/web.php
> git ls-files --stage -- /home/ubuntu/laravel/src/routes/web.php
> git check-ignore -v -z --stdin
> git show --textconv :src/resources/views/test.php
> git ls-files --stage -- /home/ubuntu/laravel/src/resources/views/test.php
> git show --textconv :src/resources/views/layouts/app2.blade.php
> git ls-files --stage -- /home/ubuntu/laravel/src/resources/views/layouts/app2.blade.php
> git show --textconv :src/routes/web.php
> git ls-files --stage -- /home/ubuntu/laravel/src/routes/web.php
> git show --textconv :src/resources/views/test.php
> git ls-files --stage -- /home/ubuntu/laravel/src/resources/views/test.php
> git show --textconv :src/routes/web.php
> git ls-files --stage -- /home/ubuntu/laravel/src/routes/web.php
> git show --textconv :src/resources/views/test.php
> git ls-files --stage -- /home/ubuntu/laravel/src/resources/views/test.php
> git show --textconv :src/routes/web.php
> git ls-files --stage -- /home/ubuntu/laravel/src/routes/web.php
> git show --textconv :src/resources/views/layouts/app2.blade.php
> git ls-files --stage -- /home/ubuntu/laravel/src/resources/views/layouts/app2.blade.php
> git show --textconv :src/routes/web.php
> git ls-files --stage -- /home/ubuntu/laravel/src/routes/web.php
> git show --textconv :src/resources/views/layouts/app2.blade.php
> git ls-files --stage -- /home/ubuntu/laravel/src/resources/views/layouts/app2.blade.php
> git show --textconv :src/routes/web.php
> git ls-files --stage -- /home/ubuntu/laravel/src/routes/web.php
> git show --textconv :src/resources/views/layouts/app2.blade.php
> git ls-files --stage -- /home/ubuntu/laravel/src/resources/views/layouts/app2.blade.php
> git show --textconv :src/resources/views/home.blade.php
> git ls-files --stage -- /home/ubuntu/laravel/src/resources/views/home.blade.php
> git show --textconv :src/resources/views/test.php
> git ls-files --stage -- /home/ubuntu/laravel/src/resources/views/test.php
> git show --textconv :src/resources/views/home.blade.php
> git ls-files --stage -- /home/ubuntu/laravel/src/resources/views/home.blade.php
> git show --textconv :src/routes/web.php
> git ls-files --stage -- /home/ubuntu/laravel/src/routes/web.php
> git show --textconv :src/resources/views/home.blade.php
> git ls-files --stage -- /home/ubuntu/laravel/src/resources/views/home.blade.php
> git show --textconv :src/resources/views/test.php
> git ls-files --stage -- /home/ubuntu/laravel/src/resources/views/test.php
> git show --textconv :src/resources/views/welcome.blade.php
> git ls-files --stage -- /home/ubuntu/laravel/src/resources/views/welcome.blade.php
> git show --textconv :src/resources/views/home.blade.php
> git ls-files --stage -- /home/ubuntu/laravel/src/resources/views/home.blade.php
> git show --textconv :src/resources/views/welcome.blade.php
> git ls-files --stage -- /home/ubuntu/laravel/src/resources/views/welcome.blade.php
> git show --textconv :src/resources/views/test.php
> git ls-files --stage -- /home/ubuntu/laravel/src/resources/views/test.php
> git show --textconv :src/resources/views/layouts/app2.blade.php
> git ls-files --stage -- /home/ubuntu/laravel/src/resources/views/layouts/app2.blade.php
> git show --textconv :src/routes/web.php
> git ls-files --stage -- /home/ubuntu/laravel/src/routes/web.php
> git show --textconv :src/resources/views/welcome.blade.php
> git ls-files --stage -- /home/ubuntu/laravel/src/resources/views/welcome.blade.php
> git show --textconv :src/resources/views/test.php
> git ls-files --stage -- /home/ubuntu/laravel/src/resources/views/test.php
> git show --textconv :src/resources/views/layouts/app.blade.php
> git ls-files --stage -- /home/ubuntu/laravel/src/resources/views/layouts/app.blade.php
> git show --textconv :src/resources/views/test.php
> git ls-files --stage -- /home/ubuntu/laravel/src/resources/views/test.php
> git show --textconv :src/resources/views/layouts/app2.blade.php
> git ls-files --stage -- /home/ubuntu/laravel/src/resources/views/layouts/app2.blade.php
> git show --textconv :src/resources/views/test.php
> git ls-files --stage -- /home/ubuntu/laravel/src/resources/views/test.php
> git show --textconv :src/resources/views/welcome.blade.php
> git ls-files --stage -- /home/ubuntu/laravel/src/resources/views/welcome.blade.php
> git show --textconv :src/routes/web.php
> git ls-files --stage -- /home/ubuntu/laravel/src/routes/web.php
> git show --textconv :src/resources/views/layouts/app2.blade.php
> git ls-files --stage -- /home/ubuntu/laravel/src/resources/views/layouts/app2.blade.php
> git show --textconv :src/resources/views/welcome.blade.php
> git ls-files --stage -- /home/ubuntu/laravel/src/resources/views/welcome.blade.php
> git show --textconv :src/routes/web.php
> git ls-files --stage -- /home/ubuntu/laravel/src/routes/web.php
> git show --textconv :src/resources/views/test.php
> git ls-files --stage -- /home/ubuntu/laravel/src/resources/views/test.php
> git show --textconv :src/resources/views/layouts/app2.blade.php
> git ls-files --stage -- /home/ubuntu/laravel/src/resources/views/layouts/app2.blade.php
> git show --textconv :src/resources/views/welcome.blade.php
> git ls-files --stage -- /home/ubuntu/laravel/src/resources/views/welcome.blade.php
> git show --textconv :src/resources/views/layouts/app.blade.php
> git ls-files --stage -- /home/ubuntu/laravel/src/resources/views/layouts/app.blade.php
> git show --textconv :src/resources/views/layouts/app2.blade.php
> git ls-files --stage -- /home/ubuntu/laravel/src/resources/views/layouts/app2.blade.php
> git show --textconv :src/routes/web.php
> git ls-files --stage -- /home/ubuntu/laravel/src/routes/web.php
> git show --textconv :src/resources/views/layouts/app2.blade.php
> git ls-files --stage -- /home/ubuntu/laravel/src/resources/views/layouts/app2.blade.php
> git show --textconv :src/resources/views/test.php
> git ls-files --stage -- /home/ubuntu/laravel/src/resources/views/test.php
> git show --textconv :src/resources/views/welcome.blade.php
> git ls-files --stage -- /home/ubuntu/laravel/src/resources/views/welcome.blade.php
> git show --textconv :src/routes/web.php
> git ls-files --stage -- /home/ubuntu/laravel/src/routes/web.php
> git show --textconv :src/resources/views/layouts/app.blade.php
> git ls-files --stage -- /home/ubuntu/laravel/src/resources/views/layouts/app.blade.php
> git show --textconv :src/resources/views/layouts/app2.blade.php
> git ls-files --stage -- /home/ubuntu/laravel/src/resources/views/layouts/app2.blade.php
> git show --textconv :src/resources/views/test.php
> git ls-files --stage -- /home/ubuntu/laravel/src/resources/views/test.php
> git show --textconv :src/routes/web.php
> git ls-files --stage -- /home/ubuntu/laravel/src/routes/web.php
> git show --textconv :src/resources/views/welcome.blade.php
> git ls-files --stage -- /home/ubuntu/laravel/src/resources/views/welcome.blade.php
> git show --textconv :src/resources/views/layouts/app2.blade.php
> git ls-files --stage -- /home/ubuntu/laravel/src/resources/views/layouts/app2.blade.php
> git show --textconv :src/routes/web.php
> git ls-files --stage -- /home/ubuntu/laravel/src/routes/web.php
> git show --textconv :src/resources/views/welcome.blade.php
> git ls-files --stage -- /home/ubuntu/laravel/src/resources/views/welcome.blade.php
> git show --textconv :src/resources/views/test.php
> git ls-files --stage -- /home/ubuntu/laravel/src/resources/views/test.php
> git show --textconv :src/resources/views/layouts/app.blade.php
> git ls-files --stage -- /home/ubuntu/laravel/src/resources/views/layouts/app.blade.php
> git show --textconv :src/resources/views/test.php
> git ls-files --stage -- /home/ubuntu/laravel/src/resources/views/test.php
> git show --textconv :src/resources/views/layouts/app.blade.php
> git ls-files --stage -- /home/ubuntu/laravel/src/resources/views/layouts/app.blade.php
> git show --textconv :src/resources/views/test.php
> git ls-files --stage -- /home/ubuntu/laravel/src/resources/views/test.php
> git show --textconv :src/routes/web.php
> git ls-files --stage -- /home/ubuntu/laravel/src/routes/web.php
> git show --textconv :src/resources/views/welcome.blade.php
> git ls-files --stage -- /home/ubuntu/laravel/src/resources/views/welcome.blade.php
> git show --textconv :src/routes/web.php
> git ls-files --stage -- /home/ubuntu/laravel/src/routes/web.php
> git show --textconv :src/resources/views/test.php
> git ls-files --stage -- /home/ubuntu/laravel/src/resources/views/test.php
> git show --textconv :src/resources/views/home.blade.php
> git ls-files --stage -- /home/ubuntu/laravel/src/resources/views/home.blade.php
> git show --textconv :src/resources/views/layouts/app2.blade.php
> git ls-files --stage -- /home/ubuntu/laravel/src/resources/views/layouts/app2.blade.php
> git show --textconv :src/resources/views/home.blade.php
> git ls-files --stage -- /home/ubuntu/laravel/src/resources/views/home.blade.php
> git show --textconv :src/resources/views/layouts/app2.blade.php
> git ls-files --stage -- /home/ubuntu/laravel/src/resources/views/layouts/app2.blade.php
> git show --textconv :src/resources/views/home.blade.php
> git ls-files --stage -- /home/ubuntu/laravel/src/resources/views/home.blade.php
> git show --textconv :src/resources/views/test.php
> git ls-files --stage -- /home/ubuntu/laravel/src/resources/views/test.php
> git show --textconv :src/resources/views/home.blade.php
> git ls-files --stage -- /home/ubuntu/laravel/src/resources/views/home.blade.php
> git show --textconv :src/resources/views/test.php
> git ls-files --stage -- /home/ubuntu/laravel/src/resources/views/test.php
> git show --textconv :src/resources/views/layouts/app2.blade.php
> git ls-files --stage -- /home/ubuntu/laravel/src/resources/views/layouts/app2.blade.php
> git show --textconv :src/resources/views/home.blade.php
> git ls-files --stage -- /home/ubuntu/laravel/src/resources/views/home.blade.php
> git show --textconv :src/resources/views/test.php
> git ls-files --stage -- /home/ubuntu/laravel/src/resources/views/test.php
> git show --textconv :src/resources/views/home.blade.php
> git ls-files --stage -- /home/ubuntu/laravel/src/resources/views/home.blade.php
> git show --textconv :src/resources/views/layouts/app2.blade.php
> git ls-files --stage -- /home/ubuntu/laravel/src/resources/views/layouts/app2.blade.php
> git show --textconv :src/resources/views/home.blade.php
> git ls-files --stage -- /home/ubuntu/laravel/src/resources/views/home.blade.php
> git show --textconv :src/resources/views/test.php
> git ls-files --stage -- /home/ubuntu/laravel/src/resources/views/test.php
> git show --textconv :src/resources/views/home.blade.php
> git ls-files --stage -- /home/ubuntu/laravel/src/resources/views/home.blade.php
> git show --textconv :src/resources/views/test.php
> git ls-files --stage -- /home/ubuntu/laravel/src/resources/views/test.php
> git show --textconv :src/resources/views/home.blade.php
> git ls-files --stage -- /home/ubuntu/laravel/src/resources/views/home.blade.php
> git show --textconv :src/resources/views/test.php
> git ls-files --stage -- /home/ubuntu/laravel/src/resources/views/test.php
> git check-ignore -v -z --stdin
> git show --textconv :src/resources/views/test.blade.php
> git ls-files --stage -- /home/ubuntu/laravel/src/resources/views/test.blade.php
> git show --textconv :src/routes/web.php
> git ls-files --stage -- /home/ubuntu/laravel/src/routes/web.php
> git show --textconv :src/resources/views/home.blade.php
> git ls-files --stage -- /home/ubuntu/laravel/src/resources/views/home.blade.php
> git show --textconv :src/resources/views/test.blade.php
> git ls-files --stage -- /home/ubuntu/laravel/src/resources/views/test.blade.php
> git show --textconv :src/resources/views/home.blade.php
> git ls-files --stage -- /home/ubuntu/laravel/src/resources/views/home.blade.php
> git check-ignore -v -z --stdin
> git show --textconv :src/resources/views/danielfuk.blade.php
> git ls-files --stage -- /home/ubuntu/laravel/src/resources/views/danielfuk.blade.php
> git show --textconv :src/resources/views/layouts/app.blade.php
> git ls-files --stage -- /home/ubuntu/laravel/src/resources/views/layouts/app.blade.php
> git show --textconv :src/resources/views/layouts/app2.blade.php
> git ls-files --stage -- /home/ubuntu/laravel/src/resources/views/layouts/app2.blade.php
> git show --textconv :src/routes/web.php
> git ls-files --stage -- /home/ubuntu/laravel/src/routes/web.php
> git show --textconv :src/resources/views/layouts/app2.blade.php
> git ls-files --stage -- /home/ubuntu/laravel/src/resources/views/layouts/app2.blade.php
> git show --textconv :src/resources/views/danielfuk.blade.php
> git ls-files --stage -- /home/ubuntu/laravel/src/resources/views/danielfuk.blade.php
> git show --textconv :src/resources/views/layouts/app.blade.php
> git ls-files --stage -- /home/ubuntu/laravel/src/resources/views/layouts/app.blade.php
> git show --textconv :src/resources/views/test.blade.php
> git ls-files --stage -- /home/ubuntu/laravel/src/resources/views/test.blade.php
> git show --textconv :src/routes/web.php
> git ls-files --stage -- /home/ubuntu/laravel/src/routes/web.php
> git show --textconv :src/resources/views/welcome.blade.php
> git ls-files --stage -- /home/ubuntu/laravel/src/resources/views/welcome.blade.php
> git show --textconv :src/routes/web.php
> git ls-files --stage -- /home/ubuntu/laravel/src/routes/web.php
> git show --textconv :src/resources/views/welcome.blade.php
> git ls-files --stage -- /home/ubuntu/laravel/src/resources/views/welcome.blade.php
> git show --textconv :src/routes/web.php
> git ls-files --stage -- /home/ubuntu/laravel/src/routes/web.php
