Looking for git in: git
Using git 2.25.1 from git
> git rev-parse --git-dir
Open repository: /home/ubuntu/laravel
> git status -z -u
> git symbolic-ref --short HEAD
> git rev-parse master
> git rev-parse --symbolic-full-name master@{u}
> git rev-list --left-right master...refs/remotes/origin/master
> git for-each-ref --sort -committerdate --format %(refname) %(objectname)
> git remote --verbose
Warning: Failed to watch ref '/home/ubuntu/laravel/.git/refs/remotes/origin/master', is most likely packed.
> git config --get commit.template
> git check-ignore -v -z --stdin
> git show --textconv :docker-compose.yml
> git ls-files --stage -- /home/ubuntu/laravel/docker-compose.yml
> git cat-file -s 66f7e4025d1f7b3c0ec0e04859492c05de4d4394
> git check-ignore -v -z --stdin
> git check-ignore -v -z --stdin
> git check-ignore -v -z --stdin
> git show --textconv :src/database/migrations/2020_12_14_035712_create_tblbarang_table.php
> git ls-files --stage -- /home/ubuntu/laravel/src/database/migrations/2020_12_14_035712_create_tblbarang_table.php
> git check-ignore -v -z --stdin
> git show --textconv :docker-compose.yml
> git ls-files --stage -- /home/ubuntu/laravel/docker-compose.yml
> git cat-file -s 66f7e4025d1f7b3c0ec0e04859492c05de4d4394
> git show --textconv :src/database/migrations/2020_12_14_035712_create_tblbarang_table.php
> git ls-files --stage -- /home/ubuntu/laravel/src/database/migrations/2020_12_14_035712_create_tblbarang_table.php
> git show --textconv :src/database/migrations/2020_12_14_035729_create_tblsupplier_table.php
> git ls-files --stage -- /home/ubuntu/laravel/src/database/migrations/2020_12_14_035729_create_tblsupplier_table.php
> git show --textconv :src/database/migrations/2020_12_14_035744_create_tblpesanan_table.php
> git ls-files --stage -- /home/ubuntu/laravel/src/database/migrations/2020_12_14_035744_create_tblpesanan_table.php
> git show --textconv :src/database/migrations/2020_12_14_035800_create_tblpembayaran_table.php
> git ls-files --stage -- /home/ubuntu/laravel/src/database/migrations/2020_12_14_035800_create_tblpembayaran_table.php
> git show --textconv :src/database/migrations/2020_12_14_035744_create_tblpesanan_table.php
> git ls-files --stage -- /home/ubuntu/laravel/src/database/migrations/2020_12_14_035744_create_tblpesanan_table.php
> git show --textconv :src/database/migrations/2020_12_14_035800_create_tblpembayaran_table.php
> git ls-files --stage -- /home/ubuntu/laravel/src/database/migrations/2020_12_14_035800_create_tblpembayaran_table.php
> git show --textconv :src/database/migrations/2020_12_10_135800_create_tblkonsumen_table.php
> git ls-files --stage -- /home/ubuntu/laravel/src/database/migrations/2020_12_10_135800_create_tblkonsumen_table.php
> git show --textconv :src/database/migrations/2020_12_14_035800_create_tblpembayaran_table.php
> git ls-files --stage -- /home/ubuntu/laravel/src/database/migrations/2020_12_14_035800_create_tblpembayaran_table.php
