Looking for git in: git
Using git 2.25.1 from git
> git rev-parse --git-dir
Open repository: /home/ubuntu/laravel
> git status -z -u
> git symbolic-ref --short HEAD
> git rev-parse master
> git rev-parse --symbolic-full-name master@{u}
> git rev-list --left-right master...refs/remotes/origin/master
> git for-each-ref --sort -committerdate --format %(refname) %(objectname)
> git remote --verbose
Warning: Failed to watch ref '/home/ubuntu/laravel/.git/refs/remotes/origin/master', is most likely packed.
> git config --get commit.template
> git check-ignore -v -z --stdin
> git check-ignore -v -z --stdin
> git check-ignore -v -z --stdin
> git check-ignore -v -z --stdin
> git check-ignore -v -z --stdin
> git show --textconv :src/resources/views/welcome.blade.php
> git ls-files --stage -- /home/ubuntu/laravel/src/resources/views/welcome.blade.php
> git check-ignore -v -z --stdin
> git show --textconv :src/resources/views/layouts/app.blade.php
> git ls-files --stage -- /home/ubuntu/laravel/src/resources/views/layouts/app.blade.php
> git check-ignore -v -z --stdin
> git show --textconv :src/resources/sass/app.scss
> git ls-files --stage -- /home/ubuntu/laravel/src/resources/sass/app.scss
> git show --textconv :src/resources/sass/_variables.scss
> git ls-files --stage -- /home/ubuntu/laravel/src/resources/sass/_variables.scss
> git show --textconv :src/resources/views/welcome.blade.php
> git ls-files --stage -- /home/ubuntu/laravel/src/resources/views/welcome.blade.php
> git check-ignore -v -z --stdin
> git check-ignore -v -z --stdin
> git show --textconv :src/resources/views/auth/login.blade.php
> git ls-files --stage -- /home/ubuntu/laravel/src/resources/views/auth/login.blade.php
> git show --textconv :src/resources/views/auth/register.blade.php
> git ls-files --stage -- /home/ubuntu/laravel/src/resources/views/auth/register.blade.php
> git show --textconv :src/resources/views/layouts/app.blade.php
> git ls-files --stage -- /home/ubuntu/laravel/src/resources/views/layouts/app.blade.php
> git show --textconv :src/resources/views/welcome.blade.php
> git ls-files --stage -- /home/ubuntu/laravel/src/resources/views/welcome.blade.php
> git show --textconv :src/resources/views/layouts/app.blade.php
> git ls-files --stage -- /home/ubuntu/laravel/src/resources/views/layouts/app.blade.php
> git show --textconv :src/resources/views/welcome.blade.php
> git ls-files --stage -- /home/ubuntu/laravel/src/resources/views/welcome.blade.php
> git check-ignore -v -z --stdin
> git check-ignore -v -z --stdin
> git check-ignore -v -z --stdin
> git show --textconv :src/.env
> git ls-files --stage -- /home/ubuntu/laravel/src/.env
> git show --textconv :docker-compose.yml
> git ls-files --stage -- /home/ubuntu/laravel/docker-compose.yml
> git cat-file -s 66f7e4025d1f7b3c0ec0e04859492c05de4d4394
> git log --format=%H%n%aN%n%aE%n%at%n%ct%n%P%n%B -z -n21 -- /home/ubuntu/laravel/docker-compose.yml
> git check-ignore -v -z --stdin
> git show --textconv :src/database/migrations/2020_12_10_135800_create_tblkonsumen_table.php
> git ls-files --stage -- /home/ubuntu/laravel/src/database/migrations/2020_12_10_135800_create_tblkonsumen_table.php
